<?xml version="1.0" encoding="UTF-8"?>
<!-- Generated by org.testng.reporters.JUnitReportReporter -->
<testsuite hostname="LAPTOP-V89S2LS6" failures="0" tests="1" name="Organization.CreateOrganizationTest" time="22.495" errors="0" timestamp="2025-02-17T19:13:33 MST" skipped="0">
  <testcase classname="Organization.CreateOrganizationTest" name="createOrganizationTest" time="22.495"/>
</testsuite> <!-- Organization.CreateOrganizationTest -->
